c:\users\development\desktop\fast_repo\gamedev repo\trunk\15w_gam1561_computations\gam1561_a2_s2_hanlan_nathan\builds\windows\debug\int\vc120.pdb
c:\users\development\desktop\fast_repo\gamedev repo\trunk\15w_gam1561_computations\gam1561_a2_s2_hanlan_nathan\builds\windows\debug\int\vc120.idb
c:\users\development\desktop\fast_repo\gamedev repo\trunk\15w_gam1561_computations\gam1561_a2_s2_hanlan_nathan\builds\windows\debug\int\resource.obj
c:\users\development\desktop\fast_repo\gamedev repo\trunk\15w_gam1561_computations\gam1561_a2_s2_hanlan_nathan\builds\windows\debug\int\resourcedatabase.obj
c:\users\development\desktop\fast_repo\gamedev repo\trunk\15w_gam1561_computations\gam1561_a2_s2_hanlan_nathan\builds\windows\debug\int\systemerror.obj
c:\users\development\desktop\fast_repo\gamedev repo\trunk\15w_gam1561_computations\gam1561_a2_s2_hanlan_nathan\builds\windows\debug\int\memorytest.obj
c:\users\development\desktop\fast_repo\gamedev repo\trunk\15w_gam1561_computations\gam1561_a2_s2_hanlan_nathan\builds\windows\debug\int\binaryformatter.obj
c:\users\development\desktop\fast_repo\gamedev repo\trunk\15w_gam1561_computations\gam1561_a2_s2_hanlan_nathan\builds\windows\debug\int\directory.obj
c:\users\development\desktop\fast_repo\gamedev repo\trunk\15w_gam1561_computations\gam1561_a2_s2_hanlan_nathan\builds\windows\debug\int\guid.obj
c:\users\development\desktop\fast_repo\gamedev repo\trunk\15w_gam1561_computations\gam1561_a2_s2_hanlan_nathan\builds\windows\debug\int\iformatter.obj
c:\users\development\desktop\fast_repo\gamedev repo\trunk\15w_gam1561_computations\gam1561_a2_s2_hanlan_nathan\builds\windows\debug\int\inifilestream.obj
c:\users\development\desktop\fast_repo\gamedev repo\trunk\15w_gam1561_computations\gam1561_a2_s2_hanlan_nathan\builds\windows\debug\int\inisection.obj
c:\users\development\desktop\fast_repo\gamedev repo\trunk\15w_gam1561_computations\gam1561_a2_s2_hanlan_nathan\builds\windows\debug\int\inivariables.obj
c:\users\development\desktop\fast_repo\gamedev repo\trunk\15w_gam1561_computations\gam1561_a2_s2_hanlan_nathan\builds\windows\debug\int\iserializeable.obj
c:\users\development\desktop\fast_repo\gamedev repo\trunk\15w_gam1561_computations\gam1561_a2_s2_hanlan_nathan\builds\windows\debug\int\stream.obj
c:\users\development\desktop\fast_repo\gamedev repo\trunk\15w_gam1561_computations\gam1561_a2_s2_hanlan_nathan\builds\windows\debug\int\stringextensions.obj
c:\users\development\desktop\fast_repo\gamedev repo\trunk\15w_gam1561_computations\gam1561_a2_s2_hanlan_nathan\builds\windows\debug\int\utilities.obj
c:\users\development\desktop\fast_repo\gamedev repo\trunk\15w_gam1561_computations\gam1561_a2_s2_hanlan_nathan\builds\windows\debug\int\application.obj
c:\users\development\desktop\fast_repo\gamedev repo\trunk\15w_gam1561_computations\gam1561_a2_s2_hanlan_nathan\builds\windows\debug\int\openglprofile.obj
c:\users\development\desktop\fast_repo\gamedev repo\trunk\15w_gam1561_computations\gam1561_a2_s2_hanlan_nathan\builds\windows\debug\int\time.obj
c:\users\development\desktop\fast_repo\gamedev repo\trunk\15w_gam1561_computations\gam1561_a2_s2_hanlan_nathan\builds\windows\debug\int\window.obj
c:\users\development\desktop\fast_repo\gamedev repo\trunk\15w_gam1561_computations\gam1561_a2_s2_hanlan_nathan\builds\windows\debug\int\main.obj
c:\users\development\desktop\fast_repo\gamedev repo\trunk\15w_gam1561_computations\gam1561_a2_s2_hanlan_nathan\builds\windows\debug\int\rendertexture.obj
c:\users\development\desktop\fast_repo\gamedev repo\trunk\15w_gam1561_computations\gam1561_a2_s2_hanlan_nathan\builds\windows\debug\int\shader.obj
c:\users\development\desktop\fast_repo\gamedev repo\trunk\15w_gam1561_computations\gam1561_a2_s2_hanlan_nathan\builds\windows\debug\int\texture.obj
c:\users\development\desktop\fast_repo\gamedev repo\trunk\15w_gam1561_computations\gam1561_a2_s2_hanlan_nathan\builds\windows\debug\int\input.obj
c:\users\development\desktop\fast_repo\gamedev repo\trunk\15w_gam1561_computations\gam1561_a2_s2_hanlan_nathan\builds\windows\debug\int\inputaxis.obj
c:\users\development\desktop\fast_repo\gamedev repo\trunk\15w_gam1561_computations\gam1561_a2_s2_hanlan_nathan\builds\windows\debug\int\key.obj
c:\users\development\desktop\fast_repo\gamedev repo\trunk\15w_gam1561_computations\gam1561_a2_s2_hanlan_nathan\builds\windows\debug\int\matrix4x4.obj
c:\users\development\desktop\fast_repo\gamedev repo\trunk\15w_gam1561_computations\gam1561_a2_s2_hanlan_nathan\builds\windows\debug\int\quaternion.obj
c:\users\development\desktop\fast_repo\gamedev repo\trunk\15w_gam1561_computations\gam1561_a2_s2_hanlan_nathan\builds\windows\debug\int\vector2.obj
c:\users\development\desktop\fast_repo\gamedev repo\trunk\15w_gam1561_computations\gam1561_a2_s2_hanlan_nathan\builds\windows\debug\int\vector3.obj
c:\users\development\desktop\fast_repo\gamedev repo\trunk\15w_gam1561_computations\gam1561_a2_s2_hanlan_nathan\builds\windows\debug\int\vector4.obj
c:\users\development\desktop\fast_repo\gamedev repo\trunk\15w_gam1561_computations\gam1561_a2_s2_hanlan_nathan\builds\windows\debug\int\allocator.obj
c:\users\development\desktop\fast_repo\gamedev repo\trunk\15w_gam1561_computations\gam1561_a2_s2_hanlan_nathan\builds\windows\debug\int\frameallocator.obj
c:\users\development\desktop\fast_repo\gamedev repo\trunk\15w_gam1561_computations\gam1561_a2_s2_hanlan_nathan\builds\windows\debug\int\memoryheader.obj
c:\users\development\desktop\fast_repo\gamedev repo\trunk\15w_gam1561_computations\gam1561_a2_s2_hanlan_nathan\builds\windows\debug\int\memorymanager.obj
c:\users\development\desktop\fast_repo\gamedev repo\trunk\15w_gam1561_computations\gam1561_a2_s2_hanlan_nathan\builds\windows\debug\int\poolallocator.obj
c:\users\development\desktop\fast_repo\gamedev repo\trunk\15w_gam1561_computations\gam1561_a2_s2_hanlan_nathan\builds\windows\debug\int\stackallocator.obj
c:\users\development\desktop\fast_repo\gamedev repo\trunk\15w_gam1561_computations\gam1561_a2_s2_hanlan_nathan\builds\windows\debug\int\memberinfo.obj
c:\users\development\desktop\fast_repo\gamedev repo\trunk\15w_gam1561_computations\gam1561_a2_s2_hanlan_nathan\builds\windows\debug\int\metaobjectlinker.obj
c:\users\development\desktop\fast_repo\gamedev repo\trunk\15w_gam1561_computations\gam1561_a2_s2_hanlan_nathan\builds\windows\debug\int\runtime.obj
c:\users\development\desktop\fast_repo\gamedev repo\trunk\15w_gam1561_computations\gam1561_a2_s2_hanlan_nathan\builds\windows\debug\int\basictypes.obj
c:\users\development\desktop\fast_repo\gamedev repo\trunk\15w_gam1561_computations\gam1561_a2_s2_hanlan_nathan\builds\windows\debug\int\engine.obj
c:\users\development\desktop\fast_repo\gamedev repo\trunk\15w_gam1561_computations\gam1561_a2_s2_hanlan_nathan\builds\windows\debug\int\camera.obj
c:\users\development\desktop\fast_repo\gamedev repo\trunk\15w_gam1561_computations\gam1561_a2_s2_hanlan_nathan\builds\windows\debug\int\component.obj
c:\users\development\desktop\fast_repo\gamedev repo\trunk\15w_gam1561_computations\gam1561_a2_s2_hanlan_nathan\builds\windows\debug\int\gameobject.obj
c:\users\development\desktop\fast_repo\gamedev repo\trunk\15w_gam1561_computations\gam1561_a2_s2_hanlan_nathan\builds\windows\debug\int\renderer.obj
c:\users\development\desktop\fast_repo\gamedev repo\trunk\15w_gam1561_computations\gam1561_a2_s2_hanlan_nathan\builds\windows\debug\int\scene.obj
c:\users\development\desktop\fast_repo\gamedev repo\trunk\15w_gam1561_computations\gam1561_a2_s2_hanlan_nathan\builds\windows\debug\int\testcomponent.obj
c:\users\development\desktop\fast_repo\gamedev repo\trunk\15w_gam1561_computations\gam1561_a2_s2_hanlan_nathan\builds\windows\debug\int\enum.obj
c:\users\development\desktop\fast_repo\gamedev repo\trunk\15w_gam1561_computations\gam1561_a2_s2_hanlan_nathan\builds\windows\debug\int\color.obj
c:\users\development\desktop\fast_repo\gamedev repo\trunk\15w_gam1561_computations\gam1561_a2_s2_hanlan_nathan\builds\windows\debug\int\drawcall.obj
c:\users\development\desktop\fast_repo\gamedev repo\trunk\15w_gam1561_computations\gam1561_a2_s2_hanlan_nathan\builds\windows\debug\int\geometry.obj
c:\users\development\desktop\fast_repo\gamedev repo\trunk\15w_gam1561_computations\gam1561_a2_s2_hanlan_nathan\builds\windows\debug\int\graphics.obj
c:\users\development\desktop\fast_repo\gamedev repo\trunk\15w_gam1561_computations\gam1561_a2_s2_hanlan_nathan\builds\windows\debug\int\imagetexture.obj
c:\users\development\desktop\fast_repo\gamedev repo\trunk\15w_gam1561_computations\gam1561_a2_s2_hanlan_nathan\builds\windows\debug\int\material.obj
c:\users\development\desktop\fast_repo\gamedev repo\trunk\15w_gam1561_computations\gam1561_a2_s2_hanlan_nathan\builds\windows\debug\int\mesh.obj
c:\users\development\desktop\fast_repo\gamedev repo\trunk\15w_gam1561_computations\gam1561_a2_s2_hanlan_nathan\builds\windows\debug\int\primitiveshapebuffer.obj
c:\users\development\desktop\fast_repo\gamedev repo\trunk\15w_gam1561_computations\gam1561_a2_s2_hanlan_nathan\builds\windows\debug\game_engine.ilk
c:\users\development\desktop\fast_repo\gamedev repo\trunk\15w_gam1561_computations\gam1561_a2_s2_hanlan_nathan\builds\windows\debug\game_engine.exe
c:\users\development\desktop\fast_repo\gamedev repo\trunk\15w_gam1561_computations\gam1561_a2_s2_hanlan_nathan\builds\windows\debug\game_engine.pdb
c:\users\development\desktop\fast_repo\gamedev repo\trunk\15w_gam1561_computations\gam1561_a2_s2_hanlan_nathan\windows\..\\builds\\windows\\debug\game_engine.pdb
c:\users\development\desktop\fast_repo\gamedev repo\trunk\15w_gam1561_computations\gam1561_a2_s2_hanlan_nathan\windows\..\\builds\\windows\\debug\game_engine.exe
c:\users\development\desktop\fast_repo\gamedev repo\trunk\15w_gam1561_computations\gam1561_a2_s2_hanlan_nathan\windows\..\\builds\\windows\\debug\game_engine.ilk
c:\users\development\desktop\fast_repo\gamedev repo\trunk\15w_gam1561_computations\gam1561_a2_s2_hanlan_nathan\builds\windows\debug\int\windows.tlog\cl.command.1.tlog
c:\users\development\desktop\fast_repo\gamedev repo\trunk\15w_gam1561_computations\gam1561_a2_s2_hanlan_nathan\builds\windows\debug\int\windows.tlog\cl.read.1.tlog
c:\users\development\desktop\fast_repo\gamedev repo\trunk\15w_gam1561_computations\gam1561_a2_s2_hanlan_nathan\builds\windows\debug\int\windows.tlog\cl.write.1.tlog
c:\users\development\desktop\fast_repo\gamedev repo\trunk\15w_gam1561_computations\gam1561_a2_s2_hanlan_nathan\builds\windows\debug\int\windows.tlog\link.command.1.tlog
c:\users\development\desktop\fast_repo\gamedev repo\trunk\15w_gam1561_computations\gam1561_a2_s2_hanlan_nathan\builds\windows\debug\int\windows.tlog\link.read.1.tlog
c:\users\development\desktop\fast_repo\gamedev repo\trunk\15w_gam1561_computations\gam1561_a2_s2_hanlan_nathan\builds\windows\debug\int\windows.tlog\link.write.1.tlog
